<?xml version="1.0" encoding="UTF-8" ?>
<testsuite 
errors="0" failures="0" hostname="C02DG740MD6R" name="controllers.predicates.AuthorisedActionSpec" tests="22" time="0.116" timestamp="2021-08-09T15:05:47">
  <properties>
[...]
</properties>
  <testcase 
  name=".enrolmentGetIdentifierValue should return the value for the given identifier" classname="controllers.predicates.AuthorisedActionSpec" time="0.0">
</testcase>
  <testcase 
  name=".enrolmentGetIdentifierValue should return a None when the given identifier cannot be found" classname="controllers.predicates.AuthorisedActionSpec" time="0.0">
</testcase>
  <testcase 
  name=".enrolmentGetIdentifierValue should return a None when the given key cannot be found" classname="controllers.predicates.AuthorisedActionSpec" time="0.0">
</testcase>
  <testcase 
  name=".individualAuthentication should perform the block action when the correct enrolment exist which returns an OK status" classname="controllers.predicates.AuthorisedActionSpec" time="0.001">
</testcase>
  <testcase 
  name=".individualAuthentication should perform the block action when the correct enrolment exist which returns a body of the mtditid" classname="controllers.predicates.AuthorisedActionSpec" time="0.001">
</testcase>
  <testcase 
  name=".individualAuthentication should return a redirect when the session id does not exist in the headers which returns an SEE_OTHER status" classname="controllers.predicates.AuthorisedActionSpec" time="0.002">
</testcase>
  <testcase 
  name=".individualAuthentication should return a redirect when the nino enrolment is missing which returns a forbidden" classname="controllers.predicates.AuthorisedActionSpec" time="0.001">
</testcase>
  <testcase 
  name=".individualAuthentication should return a redirect when the individual enrolment is missing but there is a nino which returns an Unauthorised" classname="controllers.predicates.AuthorisedActionSpec" time="0.004">
</testcase>
  <testcase 
  name=".individualAuthentication should return a redirect when the individual enrolment is missing but there is a nino which returns an redirect to the correct page" classname="controllers.predicates.AuthorisedActionSpec" time="0.001">
</testcase>
  <testcase 
  name=".individualAuthentication should return the user to IV Uplift when the confidence level is below minimum which has a status of 303" classname="controllers.predicates.AuthorisedActionSpec" time="0.003">
</testcase>
  <testcase 
  name=".individualAuthentication should return the user to IV Uplift when the confidence level is below minimum which redirects to the iv url" classname="controllers.predicates.AuthorisedActionSpec" time="0.001">
</testcase>
  <testcase 
  name=".agentAuthenticated should perform the block action when the agent is authorised for the given user which has a status of OK" classname="controllers.predicates.AuthorisedActionSpec" time="0.003">
</testcase>
  <testcase 
  name=".agentAuthenticated should perform the block action when the agent is authorised for the given user which has the correct body" classname="controllers.predicates.AuthorisedActionSpec" time="0.0">
</testcase>
  <testcase 
  name=".agentAuthenticated should return an SEE_OTHER when the agent does not have a session id which has a status of SEE_OTHER" classname="controllers.predicates.AuthorisedActionSpec" time="0.002">
</testcase>
  <testcase 
  name=".agentAuthenticated should return an SEE_OTHER when the authorisation service returns an AuthorisationException exception" classname="controllers.predicates.AuthorisedActionSpec" time="0.003">
</testcase>
  <testcase 
  name=".agentAuthenticated should redirect to the sign in page when the authorisation service returns a NoActiveSession exception" classname="controllers.predicates.AuthorisedActionSpec" time="0.002">
</testcase>
  <testcase 
  name=".agentAuthenticated should return a redirect when the user does not have an enrolment for the agent" classname="controllers.predicates.AuthorisedActionSpec" time="0.002">
</testcase>
  <testcase 
  name=".invokeBlock should perform the block action when the user is successfully verified as an agent which should return an OK(200) status" classname="controllers.predicates.AuthorisedActionSpec" time="0.003">
</testcase>
  <testcase 
  name=".invokeBlock should perform the block action when the user is successfully verified as an individual" classname="controllers.predicates.AuthorisedActionSpec" time="0.001">
</testcase>
  <testcase 
  name=".invokeBlock should return a redirect when the authorisation service returns an AuthorisationException exception" classname="controllers.predicates.AuthorisedActionSpec" time="0.003">
</testcase>
  <testcase 
  name=".invokeBlock should return a redirect when there is no MTDITID value in session for an agent" classname="controllers.predicates.AuthorisedActionSpec" time="0.003">
</testcase>
  <testcase 
  name=".invokeBlock should redirect to the sign in page when the authorisation service returns a NoActiveSession exception" classname="controllers.predicates.AuthorisedActionSpec" time="0.004">
</testcase>
  <system-out><![CDATA[]]></system-out>
  <system-err><![CDATA[]]></system-err>
</testsuite>
